TN:
SF:src/index.ts
FN:6,(anonymous_0)
FNF:1
FNH:1
FNDA:2,(anonymous_0)
DA:6,1
DA:7,2
DA:8,2
DA:10,2
DA:11,2
DA:13,2
DA:14,2
DA:16,2
DA:17,2
DA:19,2
DA:20,2
DA:22,2
DA:23,2
DA:26,1
DA:28,1
LF:15
LH:15
BRF:0
BRH:0
end_of_record
TN:
SF:src/utils/browser.ts
FN:16,(anonymous_0)
FN:20,(anonymous_1)
FN:26,(anonymous_2)
FNF:3
FNH:3
FNDA:3,(anonymous_0)
FNDA:1,(anonymous_1)
FNDA:3,(anonymous_2)
DA:3,1
DA:16,1
DA:17,3
DA:20,1
DA:21,1
DA:23,1
DA:26,1
DA:27,3
LF:8
LH:8
BRF:0
BRH:0
end_of_record
TN:
SF:src/utils/database.ts
FN:9,(anonymous_0)
FN:19,(anonymous_1)
FN:33,(anonymous_2)
FNF:3
FNH:3
FNDA:2,(anonymous_0)
FNDA:2,(anonymous_1)
FNDA:1,(anonymous_2)
DA:7,1
DA:9,1
DA:10,2
DA:12,2
DA:13,1
DA:16,1
DA:19,1
DA:20,2
DA:21,1
DA:22,1
DA:25,1
DA:27,1
DA:32,1
DA:34,1
DA:36,1
LF:15
LH:15
BRDA:12,0,0,1
BRDA:12,0,1,1
BRDA:20,1,0,1
BRDA:20,1,1,1
BRDA:38,2,0,1
BRDA:38,2,1,1
BRF:6
BRH:6
end_of_record
TN:
SF:src/utils/lighthouse.ts
FN:3,(anonymous_0)
FNF:1
FNH:1
FNDA:1,(anonymous_0)
DA:3,1
DA:4,1
DA:6,1
LF:3
LH:3
BRF:0
BRH:0
end_of_record
TN:
SF:src/utils/performance.ts
FN:21,(anonymous_0)
FN:22,(anonymous_1)
FN:26,(anonymous_2)
FN:39,(anonymous_3)
FN:42,(anonymous_4)
FNF:5
FNH:5
FNDA:8,(anonymous_0)
FNDA:28,(anonymous_1)
FNDA:6,(anonymous_2)
FNDA:12,(anonymous_3)
FNDA:1,(anonymous_4)
DA:3,2
DA:21,2
DA:22,28
DA:23,8
DA:26,2
DA:27,6
DA:28,6
DA:30,6
DA:39,12
DA:42,2
DA:43,1
DA:45,1
DA:46,6
DA:49,1
LF:14
LH:14
BRDA:27,0,0,6
BRDA:27,1,0,6
BRDA:27,2,0,6
BRDA:27,3,0,6
BRDA:27,3,1,6
BRDA:35,4,0,6
BRDA:35,4,1,6
BRF:7
BRH:7
end_of_record
